
2015-08-26 20:43:50 - No param =>INVALID
2015-08-26 20:44:05 - No param =>INVALID
2015-08-27 10:06:34 - No param =>INVALID
2015-08-27 10:06:38 - No param =>INVALID
2015-08-28 14:48:48 - No param =>INVALID
2015-08-28 14:48:51 - No param =>INVALID
2015-08-29 18:36:40 - No param =>INVALID
2015-08-29 18:36:43 - No param =>INVALID
2015-08-30 08:27:01 - No param =>INVALID
2015-08-30 08:27:06 - No param =>INVALID
2015-08-30 22:34:42 - No param =>INVALID
2015-08-30 22:34:45 - No param =>INVALID
2015-08-31 12:31:16 - No param =>INVALID
2015-08-31 12:31:19 - No param =>INVALID
2015-10-07 16:01:05 - No param =>INVALID
2015-10-07 16:01:07 - No param =>INVALID
2015-10-07 16:01:19 - No param =>INVALID
2015-10-13 07:06:55 - No param =>INVALID
2015-10-13 07:06:58 - No param =>INVALID
2015-10-13 07:07:16 - No param =>INVALID
2015-10-13 07:37:30 - Params : created_on=1444697366&customer_email=tuantq.register%40gmail.com&customer_name=Tran+Tuan&customer_phone=84976358457&fee_amount=0&merchant_address=51+L%C3%AA+%C4%90%E1%BA%A1i+H%C3%A0nh%2C+Qu%E1%BA%ADn+Hai+B%C3%A0+Tr%C6%B0ng%2C+H%C3%A0+N%E1%BB%99i%2C+Qu%E1%BA%ADn+Hai+B%C3%A0+Tr%C6%B0ng%2C+H%C3%A0+N%E1%BB%99i&merchant_email=qtuan85%40gmail.com&merchant_id=18665&merchant_name=Tr%E1%BA%A7n+Qu%E1%BB%91c+Tu%E1%BA%A5n&merchant_phone=84989980880&net_amount=10000&order_amount=10000.00&order_id=SMS7&payment_type=2&total_amount=10000.00&transaction_id=1F52B4689589D1C&transaction_status=13&usd_vnd_exchange_rate=22400&verify_sign=cFYLxqgZpFUVZixuHdfM0jOnXgciDfXBclyzsZXFcVtXo&bpn_id=1302680%0A =>VERIFIED
2015-10-13 07:37:32 - No param =>INVALID
2015-10-13 16:07:25 - Params : created_on=1444727963&customer_email=tuantq.register%40gmail.com&customer_name=Tran+Tuan&customer_phone=84976358457&fee_amount=0&merchant_address=51+L%C3%AA+%C4%90%E1%BA%A1i+H%C3%A0nh%2C+Qu%E1%BA%ADn+Hai+B%C3%A0+Tr%C6%B0ng%2C+H%C3%A0+N%E1%BB%99i%2C+Qu%E1%BA%ADn+Hai+B%C3%A0+Tr%C6%B0ng%2C+H%C3%A0+N%E1%BB%99i&merchant_email=qtuan85%40gmail.com&merchant_id=18665&merchant_name=Tr%E1%BA%A7n+Qu%E1%BB%91c+Tu%E1%BA%A5n&merchant_phone=84989980880&net_amount=10000&order_amount=10000.00&order_id=SMS1&payment_type=2&total_amount=10000.00&transaction_id=0C42B468F5FFDB9&transaction_status=13&usd_vnd_exchange_rate=22400&verify_sign=Yvu2a7a7e0OtNrj4MzmTMxKgHJMptb7CeHbszXiT4MWtc&bpn_id=1303316%0A =>VERIFIED
2015-10-14 07:48:50 - Params : created_on=1444784448&customer_email=tuantq.register%40gmail.com&customer_name=Tran+Tuan&customer_phone=84976358457&fee_amount=0&merchant_address=51+L%C3%AA+%C4%90%E1%BA%A1i+H%C3%A0nh%2C+Qu%E1%BA%ADn+Hai+B%C3%A0+Tr%C6%B0ng%2C+H%C3%A0+N%E1%BB%99i%2C+Qu%E1%BA%ADn+Hai+B%C3%A0+Tr%C6%B0ng%2C+H%C3%A0+N%E1%BB%99i&merchant_email=qtuan85%40gmail.com&merchant_id=18665&merchant_name=Tr%E1%BA%A7n+Qu%E1%BB%91c+Tu%E1%BA%A5n&merchant_phone=84989980880&net_amount=10000&order_amount=10000.00&order_id=SMS2&payment_type=2&total_amount=10000.00&transaction_id=1F52C4681B9133D&transaction_status=13&usd_vnd_exchange_rate=22440&verify_sign=9AyGjWewYwM5l0W6Xfwq2IZpjdbo8pWJYnPMJMbXihPiX&bpn_id=1303919%0A =>VERIFIED
2015-10-16 07:38:05 - Params : created_on=1444697366&customer_email=tuantq.register%40gmail.com&customer_name=Tran+Tuan&customer_phone=84976358457&fee_amount=0&merchant_address=51+L%C3%AA+%C4%90%E1%BA%A1i+H%C3%A0nh%2C+Qu%E1%BA%ADn+Hai+B%C3%A0+Tr%C6%B0ng%2C+H%C3%A0+N%E1%BB%99i%2C+Qu%E1%BA%ADn+Hai+B%C3%A0+Tr%C6%B0ng%2C+H%C3%A0+N%E1%BB%99i&merchant_email=qtuan85%40gmail.com&merchant_id=18665&merchant_name=Tr%E1%BA%A7n+Qu%E1%BB%91c+Tu%E1%BA%A5n&merchant_phone=84989980880&net_amount=10000&order_amount=10000.00&order_id=SMS7&payment_type=2&total_amount=10000.00&transaction_id=1F52B4689589D1C&transaction_status=4&usd_vnd_exchange_rate=22370&verify_sign=vY5hq634jrgypYi1d4mACpBeD0G4htQCVT264uzSmKA6k&bpn_id=1306033%0A =>VERIFIED =>SMS No order =>COMPLETE

2015-10-16 16:08:05 - Params : created_on=1444727963&customer_email=tuantq.register%40gmail.com&customer_name=Tran+Tuan&customer_phone=84976358457&fee_amount=0&merchant_address=51+L%C3%AA+%C4%90%E1%BA%A1i+H%C3%A0nh%2C+Qu%E1%BA%ADn+Hai+B%C3%A0+Tr%C6%B0ng%2C+H%C3%A0+N%E1%BB%99i%2C+Qu%E1%BA%ADn+Hai+B%C3%A0+Tr%C6%B0ng%2C+H%C3%A0+N%E1%BB%99i&merchant_email=qtuan85%40gmail.com&merchant_id=18665&merchant_name=Tr%E1%BA%A7n+Qu%E1%BB%91c+Tu%E1%BA%A5n&merchant_phone=84989980880&net_amount=10000&order_amount=10000.00&order_id=SMS1&payment_type=2&total_amount=10000.00&transaction_id=0C42B468F5FFDB9&transaction_status=4&usd_vnd_exchange_rate=22370&verify_sign=mrq36K93JyZy0DMmRBulKWOZv8DdykzLNNYzhMH6EcjqS&bpn_id=1306779%0A =>VERIFIED =>COMPLETE

2015-10-16 18:36:15 - Params : created_on=1444996095&customer_email=tuantq.register%40gmail.com&customer_name=Tran+Tuan&customer_phone=84976358457&fee_amount=100&merchant_address=51+L%C3%AA+%C4%90%E1%BA%A1i+H%C3%A0nh%2C+Qu%E1%BA%ADn+Hai+B%C3%A0+Tr%C6%B0ng%2C+H%C3%A0+N%E1%BB%99i%2C+Qu%E1%BA%ADn+Hai+B%C3%A0+Tr%C6%B0ng%2C+H%C3%A0+N%E1%BB%99i&merchant_email=qtuan85%40gmail.com&merchant_id=18665&merchant_name=Tr%E1%BA%A7n+Qu%E1%BB%91c+Tu%E1%BA%A5n&merchant_phone=84989980880&net_amount=9900&order_amount=10000.00&order_id=SMS10&payment_type=1&total_amount=10000.00&transaction_id=4582F46815B1DE5&transaction_status=4&usd_vnd_exchange_rate=22370&verify_sign=uoG36itJVOGVg3ryT7hb5wvXOBtSItOf3oSM7Y12uO6Hg&bpn_id=1307000%0A =>VERIFIED =>COMPLETE

2015-10-16 19:04:00 - Params : created_on=1444997755&customer_email=tuantq.register%40gmail.com&customer_name=Tran+Tuan&customer_phone=84976358457&fee_amount=100&merchant_address=51+L%C3%AA+%C4%90%E1%BA%A1i+H%C3%A0nh%2C+Qu%E1%BA%ADn+Hai+B%C3%A0+Tr%C6%B0ng%2C+H%C3%A0+N%E1%BB%99i%2C+Qu%E1%BA%ADn+Hai+B%C3%A0+Tr%C6%B0ng%2C+H%C3%A0+N%E1%BB%99i&merchant_email=qtuan85%40gmail.com&merchant_id=18665&merchant_name=Tr%E1%BA%A7n+Qu%E1%BB%91c+Tu%E1%BA%A5n&merchant_phone=84989980880&net_amount=9900&order_amount=10000.00&order_id=SMS11&payment_type=1&total_amount=10000.00&transaction_id=8242F468CCBCC14&transaction_status=4&usd_vnd_exchange_rate=22370&verify_sign=Qin82LwZW5DVeseeJy6LizqozmVCGnxvYDwF2HU9OC9YM&bpn_id=1307045%0A =>VERIFIED =>COMPLETE

2015-10-16 19:09:05 - Params : created_on=1444998061&customer_email=tuantq.register%40gmail.com&customer_name=Tran+Tuan&customer_phone=84976358457&fee_amount=100&merchant_address=51+L%C3%AA+%C4%90%E1%BA%A1i+H%C3%A0nh%2C+Qu%E1%BA%ADn+Hai+B%C3%A0+Tr%C6%B0ng%2C+H%C3%A0+N%E1%BB%99i%2C+Qu%E1%BA%ADn+Hai+B%C3%A0+Tr%C6%B0ng%2C+H%C3%A0+N%E1%BB%99i&merchant_email=qtuan85%40gmail.com&merchant_id=18665&merchant_name=Tr%E1%BA%A7n+Qu%E1%BB%91c+Tu%E1%BA%A5n&merchant_phone=84989980880&net_amount=9900&order_amount=10000.00&order_id=SMS12&payment_type=1&total_amount=10000.00&transaction_id=3272F468BDBB523&transaction_status=4&usd_vnd_exchange_rate=22370&verify_sign=EpnG9nTxAQKKmWfxkxW3iOMYCmqoF6ZQ7t6y2KriUNBQT&bpn_id=1307047%0A =>VERIFIED =>COMPLETE

2015-10-16 19:25:40 - Params : created_on=1444999058&customer_email=minhcoltech%40gmail.com&customer_name=admin&fee_amount=100&merchant_address=51+L%C3%AA+%C4%90%E1%BA%A1i+H%C3%A0nh%2C+Qu%E1%BA%ADn+Hai+B%C3%A0+Tr%C6%B0ng%2C+H%C3%A0+N%E1%BB%99i%2C+Qu%E1%BA%ADn+Hai+B%C3%A0+Tr%C6%B0ng%2C+H%C3%A0+N%E1%BB%99i&merchant_email=qtuan85%40gmail.com&merchant_id=18665&merchant_name=Tr%E1%BA%A7n+Qu%E1%BB%91c+Tu%E1%BA%A5n&merchant_phone=84989980880&net_amount=9900&order_amount=10000.00&order_id=SMS15&payment_type=1&total_amount=11891.00&transaction_id=BB72F46863C639C&transaction_status=4&usd_vnd_exchange_rate=22370&verify_sign=ymoNOFv3LByn5eacFlbQKSSr2gfmHjn9X0HzB8SEZpLov&bpn_id=1307070%0A =>VERIFIED =>COMPLETE

2015-10-16 20:05:30 - Params : created_on=1445001447&customer_email=minhcoltech%40gmail.com&customer_name=admin&fee_amount=100&merchant_address=51+L%C3%AA+%C4%90%E1%BA%A1i+H%C3%A0nh%2C+Qu%E1%BA%ADn+Hai+B%C3%A0+Tr%C6%B0ng%2C+H%C3%A0+N%E1%BB%99i%2C+Qu%E1%BA%ADn+Hai+B%C3%A0+Tr%C6%B0ng%2C+H%C3%A0+N%E1%BB%99i&merchant_email=qtuan85%40gmail.com&merchant_id=18665&merchant_name=Tr%E1%BA%A7n+Qu%E1%BB%91c+Tu%E1%BA%A5n&merchant_phone=84989980880&net_amount=9900&order_amount=10000.00&order_id=SMS16&payment_type=1&total_amount=11891.00&transaction_id=0C42F468BDCB59D&transaction_status=4&usd_vnd_exchange_rate=22370&verify_sign=0EgaVgRUH63MB86SVC9S2G5HtiZIrlHnsYKJCI82BT2Wt&bpn_id=1307130%0A =>VERIFIED =>COMPLETE

2015-10-17 07:58:00 - Params : created_on=1444784448&customer_email=tuantq.register%40gmail.com&customer_name=Tran+Tuan&customer_phone=84976358457&fee_amount=0&merchant_address=51+L%C3%AA+%C4%90%E1%BA%A1i+H%C3%A0nh%2C+Qu%E1%BA%ADn+Hai+B%C3%A0+Tr%C6%B0ng%2C+H%C3%A0+N%E1%BB%99i%2C+Qu%E1%BA%ADn+Hai+B%C3%A0+Tr%C6%B0ng%2C+H%C3%A0+N%E1%BB%99i&merchant_email=qtuan85%40gmail.com&merchant_id=18665&merchant_name=Tr%E1%BA%A7n+Qu%E1%BB%91c+Tu%E1%BA%A5n&merchant_phone=84989980880&net_amount=10000&order_amount=10000.00&order_id=SMS2&payment_type=2&total_amount=10000.00&transaction_id=1F52C4681B9133D&transaction_status=4&usd_vnd_exchange_rate=22350&verify_sign=iPbOUyA1xdzjdnRCkNui3HjjppFRDywfCm0dZ5GeqmWnX&bpn_id=1307536%0A =>VERIFIED =>SMS No order =>COMPLETE

2015-11-04 19:06:44 - Params : created_on=1446639516&customer_email=minhcoltech%40gmail.com&customer_name=admin&fee_amount=100&merchant_address=51+L%C3%AA+%C4%90%E1%BA%A1i+H%C3%A0nh%2C+Qu%E1%BA%ADn+Hai+B%C3%A0+Tr%C6%B0ng%2C+H%C3%A0+N%E1%BB%99i%2C+Qu%E1%BA%ADn+Hai+B%C3%A0+Tr%C6%B0ng%2C+H%C3%A0+N%E1%BB%99i&merchant_email=qtuan85%40gmail.com&merchant_id=18665&merchant_name=Tr%E1%BA%A7n+Qu%E1%BB%91c+Tu%E1%BA%A5n&merchant_phone=84989980880&net_amount=9900&order_amount=10000.00&order_id=SMS18&payment_type=1&total_amount=11891.00&transaction_id=3F525668F0BF846&transaction_status=4&usd_vnd_exchange_rate=22360&verify_sign=QlvKfYLbSAkCrUCiI8nlhw4sDlOetiB2O9kuI7XVz2MLU&bpn_id=1329205%0A =>VERIFIED =>COMPLETE
